<?xml version="1.0" encoding="UTF-8"?>
<!-- Generated by org.testng.reporters.JUnitReportReporter -->
<testsuite hostname="LAPTOP-MRK535JM" failures="0" tests="3" name="testRunner.TestRunner" time="8.485" errors="0" timestamp="2023-11-02T16:59:19 CDT" skipped="0">
  <testcase classname="testRunner.TestRunner" name="runScenario" time="3.982"/>
  <system-out/>
  <testcase classname="testRunner.TestRunner" name="runScenario" time="1.982"/>
  <system-out/>
  <testcase classname="testRunner.TestRunner" name="runScenario" time="2.521"/>
  <system-out/>
</testsuite> <!-- testRunner.TestRunner -->
